<?xml version="1.0" encoding="UTF-8"?>
<!-- Generated by org.testng.reporters.JUnitReportReporter -->
<testsuite skipped="0" hostname="user-PC" name="com.MavenPractice.MavenPractice.TestPropertiesFileLog4j" tests="1" failures="0" timestamp="15 Feb 2020 09:42:32 GMT" time="30.428" errors="0">
  <testcase name="TestApplication" time="30.428" classname="com.MavenPractice.MavenPractice.TestPropertiesFileLog4j"/>
</testsuite> <!-- com.MavenPractice.MavenPractice.TestPropertiesFileLog4j -->
