<?xml version="1.0" encoding="UTF-8"?>
<!-- Generated by org.testng.reporters.JUnitReportReporter -->
<testsuite skipped="0" hostname="user-PC" name="com.MavenPractice.MavenPractice.TestXMLFileLog4j" tests="1" failures="0" timestamp="15 Feb 2020 10:17:43 GMT" time="0.126" errors="0">
  <testcase name="TestApplication" time="0.126" classname="com.MavenPractice.MavenPractice.TestXMLFileLog4j"/>
</testsuite> <!-- com.MavenPractice.MavenPractice.TestXMLFileLog4j -->
