<?xml version="1.0" encoding="UTF-8"?>
<!-- Generated by org.testng.reporters.JUnitReportReporter -->
<testsuite skipped="0" hostname="user-PC" name="com.MavenPractice.MavenPractice.TestRun" tests="1" failures="0" timestamp="30 Jan 2020 15:37:18 GMT" time="20.157" errors="0">
  <testcase name="TestApplication" time="20.157" classname="com.MavenPractice.MavenPractice.TestRun"/>
</testsuite> <!-- com.MavenPractice.MavenPractice.TestRun -->
