<?xml version="1.0" encoding="UTF-8"?>
<!-- Generated by org.testng.reporters.JUnitReportReporter -->
<testsuite skipped="0" hostname="user-PC" name="com.MavenPractice.MavenPractice.TestBasicConfigurator_log4j" tests="1" failures="0" timestamp="15 Feb 2020 09:40:07 GMT" time="0.025" errors="0">
  <testcase name="TestApplication" time="0.025" classname="com.MavenPractice.MavenPractice.TestBasicConfigurator_log4j"/>
</testsuite> <!-- com.MavenPractice.MavenPractice.TestBasicConfigurator_log4j -->
