<?xml version="1.0" encoding="UTF-8"?>
<!-- Generated by org.testng.reporters.JUnitReportReporter -->
<testsuite skipped="0" hostname="user-PC" name="com.MavenPractice.MavenPractice.TestRun" tests="1" failures="0" timestamp="29 Jan 2020 15:03:53 GMT" time="15.192" errors="0">
  <testcase name="TestApplication" time="15.192" classname="com.MavenPractice.MavenPractice.TestRun"/>
</testsuite> <!-- com.MavenPractice.MavenPractice.TestRun -->
